<?xml version="1.0" encoding="UTF-8"?>
<!-- Generated by org.testng.reporters.JUnitXMLReporter -->
<testsuite hostname="WSO2s-MacBook-Pro-7.local" ignored="0" name="Surefire test" tests="13" failures="0" timestamp="07 Dec 2018 12:40:52 GMT" time="1.48" errors="0">
  <testcase name="testCanHandle" time="0.014" classname="org.wso2.carbon.identity.casque.authenticator.authenticator.CasqueAuthenticatorTest"/>
  <testcase name="testGetCasqueTokenId" time="0.125" classname="org.wso2.carbon.identity.casque.authenticator.authenticator.CasqueAuthenticatorTest"/>
  <testcase name="testGetCasqueTokenIdforTokenNull" time="0.005" classname="org.wso2.carbon.identity.casque.authenticator.authenticator.CasqueAuthenticatorTest"/>
  <testcase name="testGetCasqueTokenIdforToknIdBadFormat" time="0.006" classname="org.wso2.carbon.identity.casque.authenticator.authenticator.CasqueAuthenticatorTest"/>
  <testcase name="testGetCasqueTokenIdforToknIdForUnableToGetTokenId" time="0.006" classname="org.wso2.carbon.identity.casque.authenticator.authenticator.CasqueAuthenticatorTest"/>
  <testcase name="testGetFriendlyName" time="0.001" classname="org.wso2.carbon.identity.casque.authenticator.authenticator.CasqueAuthenticatorTest"/>
  <testcase name="testGetName" time="0.0" classname="org.wso2.carbon.identity.casque.authenticator.authenticator.CasqueAuthenticatorTest"/>
  <testcase name="testProcessLogoutRequest" time="0.007" classname="org.wso2.carbon.identity.casque.authenticator.authenticator.CasqueAuthenticatorTest"/>
  <testcase name="testProcessRadiusState2" time="0.029" classname="org.wso2.carbon.identity.casque.authenticator.authenticator.CasqueAuthenticatorTest"/>
  <testcase name="testProcessRadiusState3" time="0.005" classname="org.wso2.carbon.identity.casque.authenticator.authenticator.CasqueAuthenticatorTest"/>
  <testcase name="testProcessRadiusState5" time="0.015" classname="org.wso2.carbon.identity.casque.authenticator.authenticator.CasqueAuthenticatorTest"/>
  <testcase name="testProcessRadiusStateLoginFail" time="0.002" classname="org.wso2.carbon.identity.casque.authenticator.authenticator.CasqueAuthenticatorTest"/>
  <testcase name="testRetryAuthenticationEnabled" time="0.001" classname="org.wso2.carbon.identity.casque.authenticator.authenticator.CasqueAuthenticatorTest"/>
</testsuite> <!-- Surefire test -->
